<?xml version="1.0" encoding="UTF-8"?>
<testsuite xmlns:xsi="http://www.w3.org/2001/XMLSchema-instance" xsi:noNamespaceSchemaLocation="https://maven.apache.org/surefire/maven-failsafe-plugin/xsd/failsafe-test-report-3.0.xsd" version="3.0" name="verify the careers feature" time="31.983" tests="1" errors="1" skipped="0" failures="0">
  <properties>
[...]
</properties>
  <testcase name="search a clinical vacancy available  in london" classname="verify the careers feature" time="31.983">
    <error message="no such element: Unable to locate element: {&quot;method&quot;:&quot;css selector&quot;,&quot;selector&quot;:&quot;*[name=&apos;category&apos;]&quot;}&#10;  (Session info: chrome=92.0.4515.107)&#10;For documentation on this error, please visit: https://www.seleniumhq.org/exceptions/no_such_element.html&#10;Build info: version: &apos;3.141.59&apos;, revision: &apos;e82be7d358&apos;, time: &apos;2018-11-14T08:17:03&apos;&#10;System info: host: &apos;ASHVINSLAPTOP&apos;, ip: &apos;192.168.1.28&apos;, os.name: &apos;Windows 10&apos;, os.arch: &apos;amd64&apos;, os.version: &apos;10.0&apos;, java.version: &apos;11&apos;&#10;Driver info: org.openqa.selenium.chrome.ChromeDriver&#10;Capabilities {acceptInsecureCerts: false, browserName: chrome, browserVersion: 92.0.4515.107, chrome: {chromedriverVersion: 92.0.4515.43 (8c61b7e2989f2..., userDataDir: C:\Users\ashvi\AppData\Loca...}, goog:chromeOptions: {debuggerAddress: localhost:51616}, javascriptEnabled: true, networkConnectionEnabled: false, pageLoadStrategy: normal, platform: WINDOWS, platformName: WINDOWS, proxy: Proxy(), setWindowRect: true, strictFileInteractability: false, timeouts: {implicit: 0, pageLoad: 300000, script: 30000}, unhandledPromptBehavior: dismiss and notify, webauthn:extension:credBlob: true, webauthn:extension:largeBlob: true, webauthn:virtualAuthenticators: true}&#10;Session ID: 6baf6f4e3a83222001216150460aacb1&#10;*** Element info: {Using=name, value=category}" type="org.openqa.selenium.NoSuchElementException">org.openqa.selenium.NoSuchElementException: 
no such element: Unable to locate element: {"method":"css selector","selector":"*[name='category']"}
  (Session info: chrome=92.0.4515.107)
For documentation on this error, please visit: https://www.seleniumhq.org/exceptions/no_such_element.html
Build info: version: '3.141.59', revision: 'e82be7d358', time: '2018-11-14T08:17:03'
System info: host: 'ASHVINSLAPTOP', ip: '192.168.1.28', os.name: 'Windows 10', os.arch: 'amd64', os.version: '10.0', java.version: '11'
Driver info: org.openqa.selenium.chrome.ChromeDriver
Capabilities {acceptInsecureCerts: false, browserName: chrome, browserVersion: 92.0.4515.107, chrome: {chromedriverVersion: 92.0.4515.43 (8c61b7e2989f2..., userDataDir: C:\Users\ashvi\AppData\Loca...}, goog:chromeOptions: {debuggerAddress: localhost:51616}, javascriptEnabled: true, networkConnectionEnabled: false, pageLoadStrategy: normal, platform: WINDOWS, platformName: WINDOWS, proxy: Proxy(), setWindowRect: true, strictFileInteractability: false, timeouts: {implicit: 0, pageLoad: 300000, script: 30000}, unhandledPromptBehavior: dismiss and notify, webauthn:extension:credBlob: true, webauthn:extension:largeBlob: true, webauthn:virtualAuthenticators: true}
Session ID: 6baf6f4e3a83222001216150460aacb1
*** Element info: {Using=name, value=category}
</error>
    <system-out><![CDATA[
@optima
Scenario: search a clinical vacancy available  in london                                  # src/test/resources/Features/OptimaCareers.feature:3
Browser value is chrome
Chrome browser is open
  Given User are on HomePage                                                              # StepDefinations.OptimaCareer_sd.userAreOnHomePage()
  When user click on careers link                                                         # StepDefinations.OptimaCareer_sd.userClickOnCareersLink()
CareerPage url is verified --->https://www.optimahealth.co.uk/careers/
  Then user are on careers page contains url as "https://www.optimahealth.co.uk/careers/" # StepDefinations.OptimaCareer_sd.userAreOnCareersPageContainsUrlAs(java.lang.String)
Logo is displayed on Career page 
  And user verify the company logo is displayed on career page                            # StepDefinations.OptimaCareer_sd.userVerifyTheCompanyLogoIsDisplayedOnCareerPage()
  Given user select a job categories from dropdown as "Clinical" in search bar            # StepDefinations.OptimaCareer_sd.userSelectAJobCategoriesFromDropdownAsInSearchBar(java.lang.String)
      org.openqa.selenium.NoSuchElementException: no such element: Unable to locate element: {"method":"css selector","selector":"*[name='category']"}
  (Session info: chrome=92.0.4515.107)
For documentation on this error, please visit: https://www.seleniumhq.org/exceptions/no_such_element.html
Build info: version: '3.141.59', revision: 'e82be7d358', time: '2018-11-14T08:17:03'
System info: host: 'ASHVINSLAPTOP', ip: '192.168.1.28', os.name: 'Windows 10', os.arch: 'amd64', os.version: '10.0', java.version: '11'
Driver info: org.openqa.selenium.chrome.ChromeDriver
Capabilities {acceptInsecureCerts: false, browserName: chrome, browserVersion: 92.0.4515.107, chrome: {chromedriverVersion: 92.0.4515.43 (8c61b7e2989f2..., userDataDir: C:\Users\ashvi\AppData\Loca...}, goog:chromeOptions: {debuggerAddress: localhost:51616}, javascriptEnabled: true, networkConnectionEnabled: false, pageLoadStrategy: normal, platform: WINDOWS, platformName: WINDOWS, proxy: Proxy(), setWindowRect: true, strictFileInteractability: false, timeouts: {implicit: 0, pageLoad: 300000, script: 30000}, unhandledPromptBehavior: dismiss and notify, webauthn:extension:credBlob: true, webauthn:extension:largeBlob: true, webauthn:virtualAuthenticators: true}
Session ID: 6baf6f4e3a83222001216150460aacb1
*** Element info: {Using=name, value=category}
	at java.base/jdk.internal.reflect.NativeConstructorAccessorImpl.newInstance0(Native Method)
	at java.base/jdk.internal.reflect.NativeConstructorAccessorImpl.newInstance(NativeConstructorAccessorImpl.java:62)
	at java.base/jdk.internal.reflect.DelegatingConstructorAccessorImpl.newInstance(DelegatingConstructorAccessorImpl.java:45)
	at java.base/java.lang.reflect.Constructor.newInstance(Constructor.java:490)
	at org.openqa.selenium.remote.http.W3CHttpResponseCodec.createException(W3CHttpResponseCodec.java:187)
	at org.openqa.selenium.remote.http.W3CHttpResponseCodec.decode(W3CHttpResponseCodec.java:122)
	at org.openqa.selenium.remote.http.W3CHttpResponseCodec.decode(W3CHttpResponseCodec.java:49)
	at org.openqa.selenium.remote.HttpCommandExecutor.execute(HttpCommandExecutor.java:158)
	at org.openqa.selenium.remote.service.DriverCommandExecutor.execute(DriverCommandExecutor.java:83)
	at org.openqa.selenium.remote.RemoteWebDriver.execute(RemoteWebDriver.java:552)
	at org.openqa.selenium.remote.RemoteWebDriver.findElement(RemoteWebDriver.java:323)
	at org.openqa.selenium.remote.RemoteWebDriver.findElementByName(RemoteWebDriver.java:404)
	at org.openqa.selenium.By$ByName.findElement(By.java:284)
	at org.openqa.selenium.remote.RemoteWebDriver.findElement(RemoteWebDriver.java:315)
	at org.openqa.selenium.support.pagefactory.DefaultElementLocator.findElement(DefaultElementLocator.java:69)
	at org.openqa.selenium.support.pagefactory.internal.LocatingElementHandler.invoke(LocatingElementHandler.java:38)
	at com.sun.proxy.$Proxy23.getTagName(Unknown Source)
	at org.openqa.selenium.support.ui.Select.<init>(Select.java:45)
	at util.CommonMethod.selectByVisibleTextFromDropDown(CommonMethod.java:36)
	at Pages.OptimaCareerPage.selectCategories(OptimaCareerPage.java:48)
	at StepDefinations.OptimaCareer_sd.userSelectAJobCategoriesFromDropdownAsInSearchBar(OptimaCareer_sd.java:42)
	at âœ½.user select a job categories from dropdown as "Clinical" in search bar(file:///C:/Users/ashvi/cucumberPomSeries/src/test/resources/Features/OptimaCareers.feature:8)

  And user select a type of job is "Types - All"                                          # StepDefinations.OptimaCareer_sd.userSelectATypeOfJobIs(java.lang.String)
  And user select a location is "London"                                                  # StepDefinations.OptimaCareer_sd.userSelectALocationIs(java.lang.String)
  When user click on filter button                                                        # StepDefinations.OptimaCareer_sd.userClickOnFilterButton()
  Then user should see the job available in london is displayed in page                   # StepDefinations.OptimaCareer_sd.userShouldSeeTheJobAvailableInLondonIsDisplayedInPage()
  And user verify the total available job is 15                                           # StepDefinations.OptimaCareer_sd.userVerifyTheTotalAvailableJobIs(int)
  And user print the all job title                                                        # StepDefinations.OptimaCareer_sd.userPrintTheAllJobTitle()

    Embedding search_a_clinical_vacancy_available__in_london [image/png 730069 bytes]

]]></system-out>
    <system-err><![CDATA[Starting ChromeDriver 92.0.4515.43 (8c61b7e2989f2990d42f859cac71319137787cce-refs/branch-heads/4515@{#306}) on port 39239
Only local connections are allowed.
Please see https://chromedriver.chromium.org/security-considerations for suggestions on keeping ChromeDriver safe.
ChromeDriver was started successfully.
Jul 27, 2021 6:42:22 PM org.openqa.selenium.remote.ProtocolHandshake createSession
INFO: Detected dialect: W3C
]]></system-err>
  </testcase>
</testsuite>